The system is: Linux - 4.10.0-32-generic - x86_64
Compiling the C compiler identification source file "CMakeCCompilerId.c" succeeded.
Compiler: /usr/bin/cc 
Build flags: 
Id flags: 

The output was:
0


Compilation of the C compiler identification source "CMakeCCompilerId.c" produced "a.out"

The C compiler identification is GNU, found in "/home/spr/Dokumente/simulator/simulatoren_extern/optimize/nlopt/linux/CMakeFiles/3.5.1/CompilerIdC/a.out"

Compiling the CXX compiler identification source file "CMakeCXXCompilerId.cpp" succeeded.
Compiler: /usr/bin/c++ 
Build flags: 
Id flags: 

The output was:
0


Compilation of the CXX compiler identification source "CMakeCXXCompilerId.cpp" produced "a.out"

The CXX compiler identification is GNU, found in "/home/spr/Dokumente/simulator/simulatoren_extern/optimize/nlopt/linux/CMakeFiles/3.5.1/CompilerIdCXX/a.out"

Determining if the C compiler works passed with the following output:
Change Dir: /home/spr/Dokumente/simulator/simulatoren_extern/optimize/nlopt/linux/CMakeFiles/CMakeTmp

Run Build Command:"/usr/bin/make" "cmTC_46ffe/fast"
/usr/bin/make -f CMakeFiles/cmTC_46ffe.dir/build.make CMakeFiles/cmTC_46ffe.dir/build
make[1]: Verzeichnis „/home/spr/Dokumente/simulator/simulatoren_extern/optimize/nlopt/linux/CMakeFiles/CMakeTmp“ wird betreten
Building C object CMakeFiles/cmTC_46ffe.dir/testCCompiler.c.o
/usr/bin/cc     -o CMakeFiles/cmTC_46ffe.dir/testCCompiler.c.o   -c /home/spr/Dokumente/simulator/simulatoren_extern/optimize/nlopt/linux/CMakeFiles/CMakeTmp/testCCompiler.c
Linking C executable cmTC_46ffe
/usr/bin/cmake -E cmake_link_script CMakeFiles/cmTC_46ffe.dir/link.txt --verbose=1
/usr/bin/cc       CMakeFiles/cmTC_46ffe.dir/testCCompiler.c.o  -o cmTC_46ffe -rdynamic 
make[1]: Verzeichnis „/home/spr/Dokumente/simulator/simulatoren_extern/optimize/nlopt/linux/CMakeFiles/CMakeTmp“ wird verlassen


Detecting C compiler ABI info compiled with the following output:
Change Dir: /home/spr/Dokumente/simulator/simulatoren_extern/optimize/nlopt/linux/CMakeFiles/CMakeTmp

Run Build Command:"/usr/bin/make" "cmTC_e6616/fast"
/usr/bin/make -f CMakeFiles/cmTC_e6616.dir/build.make CMakeFiles/cmTC_e6616.dir/build
make[1]: Verzeichnis „/home/spr/Dokumente/simulator/simulatoren_extern/optimize/nlopt/linux/CMakeFiles/CMakeTmp“ wird betreten
Building C object CMakeFiles/cmTC_e6616.dir/CMakeCCompilerABI.c.o
/usr/bin/cc     -o CMakeFiles/cmTC_e6616.dir/CMakeCCompilerABI.c.o   -c /usr/share/cmake-3.5/Modules/CMakeCCompilerABI.c
Linking C executable cmTC_e6616
/usr/bin/cmake -E cmake_link_script CMakeFiles/cmTC_e6616.dir/link.txt --verbose=1
/usr/bin/cc      -v CMakeFiles/cmTC_e6616.dir/CMakeCCompilerABI.c.o  -o cmTC_e6616 -rdynamic  
Using built-in specs.
COLLECT_GCC=/usr/bin/cc
COLLECT_LTO_WRAPPER=/usr/lib/gcc/x86_64-linux-gnu/5/lto-wrapper
Target: x86_64-linux-gnu
Configured with: ../src/configure -v --with-pkgversion='Ubuntu 5.4.0-6ubuntu1~16.04.4' --with-bugurl=file:///usr/share/doc/gcc-5/README.Bugs --enable-languages=c,ada,c++,java,go,d,fortran,objc,obj-c++ --prefix=/usr --program-suffix=-5 --enable-shared --enable-linker-build-id --libexecdir=/usr/lib --without-included-gettext --enable-threads=posix --libdir=/usr/lib --enable-nls --with-sysroot=/ --enable-clocale=gnu --enable-libstdcxx-debug --enable-libstdcxx-time=yes --with-default-libstdcxx-abi=new --enable-gnu-unique-object --disable-vtable-verify --enable-libmpx --enable-plugin --with-system-zlib --disable-browser-plugin --enable-java-awt=gtk --enable-gtk-cairo --with-java-home=/usr/lib/jvm/java-1.5.0-gcj-5-amd64/jre --enable-java-home --with-jvm-root-dir=/usr/lib/jvm/java-1.5.0-gcj-5-amd64 --with-jvm-jar-dir=/usr/lib/jvm-exports/java-1.5.0-gcj-5-amd64 --with-arch-directory=amd64 --with-ecj-jar=/usr/share/java/eclipse-ecj.jar --enable-objc-gc --enable-multiarch --disable-werror --with-arch-32=i686 --with-abi=m64 --with-multilib-list=m32,m64,mx32 --enable-multilib --with-tune=generic --enable-checking=release --build=x86_64-linux-gnu --host=x86_64-linux-gnu --target=x86_64-linux-gnu
Thread model: posix
gcc version 5.4.0 20160609 (Ubuntu 5.4.0-6ubuntu1~16.04.4) 
COMPILER_PATH=/usr/lib/gcc/x86_64-linux-gnu/5/:/usr/lib/gcc/x86_64-linux-gnu/5/:/usr/lib/gcc/x86_64-linux-gnu/:/usr/lib/gcc/x86_64-linux-gnu/5/:/usr/lib/gcc/x86_64-linux-gnu/
LIBRARY_PATH=/usr/lib/gcc/x86_64-linux-gnu/5/:/usr/lib/gcc/x86_64-linux-gnu/5/../../../x86_64-linux-gnu/:/usr/lib/gcc/x86_64-linux-gnu/5/../../../../lib/:/lib/x86_64-linux-gnu/:/lib/../lib/:/usr/lib/x86_64-linux-gnu/:/usr/lib/../lib/:/usr/lib/gcc/x86_64-linux-gnu/5/../../../:/lib/:/usr/lib/
COLLECT_GCC_OPTIONS='-v' '-o' 'cmTC_e6616' '-rdynamic' '-mtune=generic' '-march=x86-64'
 /usr/lib/gcc/x86_64-linux-gnu/5/collect2 -plugin /usr/lib/gcc/x86_64-linux-gnu/5/liblto_plugin.so -plugin-opt=/usr/lib/gcc/x86_64-linux-gnu/5/lto-wrapper -plugin-opt=-fresolution=/tmp/ccl7zgEr.res -plugin-opt=-pass-through=-lgcc -plugin-opt=-pass-through=-lgcc_s -plugin-opt=-pass-through=-lc -plugin-opt=-pass-through=-lgcc -plugin-opt=-pass-through=-lgcc_s --sysroot=/ --build-id --eh-frame-hdr -m elf_x86_64 --hash-style=gnu --as-needed -export-dynamic -dynamic-linker /lib64/ld-linux-x86-64.so.2 -z relro -o cmTC_e6616 /usr/lib/gcc/x86_64-linux-gnu/5/../../../x86_64-linux-gnu/crt1.o /usr/lib/gcc/x86_64-linux-gnu/5/../../../x86_64-linux-gnu/crti.o /usr/lib/gcc/x86_64-linux-gnu/5/crtbegin.o -L/usr/lib/gcc/x86_64-linux-gnu/5 -L/usr/lib/gcc/x86_64-linux-gnu/5/../../../x86_64-linux-gnu -L/usr/lib/gcc/x86_64-linux-gnu/5/../../../../lib -L/lib/x86_64-linux-gnu -L/lib/../lib -L/usr/lib/x86_64-linux-gnu -L/usr/lib/../lib -L/usr/lib/gcc/x86_64-linux-gnu/5/../../.. CMakeFiles/cmTC_e6616.dir/CMakeCCompilerABI.c.o -lgcc --as-needed -lgcc_s --no-as-needed -lc -lgcc --as-needed -lgcc_s --no-as-needed /usr/lib/gcc/x86_64-linux-gnu/5/crtend.o /usr/lib/gcc/x86_64-linux-gnu/5/../../../x86_64-linux-gnu/crtn.o
make[1]: Verzeichnis „/home/spr/Dokumente/simulator/simulatoren_extern/optimize/nlopt/linux/CMakeFiles/CMakeTmp“ wird verlassen


Parsed C implicit link information from above output:
  link line regex: [^( *|.*[/\])(ld|([^/\]+-)?ld|collect2)[^/\]*( |$)]
  ignore line: [Change Dir: /home/spr/Dokumente/simulator/simulatoren_extern/optimize/nlopt/linux/CMakeFiles/CMakeTmp]
  ignore line: []
  ignore line: [Run Build Command:"/usr/bin/make" "cmTC_e6616/fast"]
  ignore line: [/usr/bin/make -f CMakeFiles/cmTC_e6616.dir/build.make CMakeFiles/cmTC_e6616.dir/build]
  ignore line: [make[1]: Verzeichnis „/home/spr/Dokumente/simulator/simulatoren_extern/optimize/nlopt/linux/CMakeFiles/CMakeTmp“ wird betreten]
  ignore line: [Building C object CMakeFiles/cmTC_e6616.dir/CMakeCCompilerABI.c.o]
  ignore line: [/usr/bin/cc     -o CMakeFiles/cmTC_e6616.dir/CMakeCCompilerABI.c.o   -c /usr/share/cmake-3.5/Modules/CMakeCCompilerABI.c]
  ignore line: [Linking C executable cmTC_e6616]
  ignore line: [/usr/bin/cmake -E cmake_link_script CMakeFiles/cmTC_e6616.dir/link.txt --verbose=1]
  ignore line: [/usr/bin/cc      -v CMakeFiles/cmTC_e6616.dir/CMakeCCompilerABI.c.o  -o cmTC_e6616 -rdynamic  ]
  ignore line: [Using built-in specs.]
  ignore line: [COLLECT_GCC=/usr/bin/cc]
  ignore line: [COLLECT_LTO_WRAPPER=/usr/lib/gcc/x86_64-linux-gnu/5/lto-wrapper]
  ignore line: [Target: x86_64-linux-gnu]
  ignore line: [Configured with: ../src/configure -v --with-pkgversion='Ubuntu 5.4.0-6ubuntu1~16.04.4' --with-bugurl=file:///usr/share/doc/gcc-5/README.Bugs --enable-languages=c,ada,c++,java,go,d,fortran,objc,obj-c++ --prefix=/usr --program-suffix=-5 --enable-shared --enable-linker-build-id --libexecdir=/usr/lib --without-included-gettext --enable-threads=posix --libdir=/usr/lib --enable-nls --with-sysroot=/ --enable-clocale=gnu --enable-libstdcxx-debug --enable-libstdcxx-time=yes --with-default-libstdcxx-abi=new --enable-gnu-unique-object --disable-vtable-verify --enable-libmpx --enable-plugin --with-system-zlib --disable-browser-plugin --enable-java-awt=gtk --enable-gtk-cairo --with-java-home=/usr/lib/jvm/java-1.5.0-gcj-5-amd64/jre --enable-java-home --with-jvm-root-dir=/usr/lib/jvm/java-1.5.0-gcj-5-amd64 --with-jvm-jar-dir=/usr/lib/jvm-exports/java-1.5.0-gcj-5-amd64 --with-arch-directory=amd64 --with-ecj-jar=/usr/share/java/eclipse-ecj.jar --enable-objc-gc --enable-multiarch --disable-werror --with-arch-32=i686 --with-abi=m64 --with-multilib-list=m32,m64,mx32 --enable-multilib --with-tune=generic --enable-checking=release --build=x86_64-linux-gnu --host=x86_64-linux-gnu --target=x86_64-linux-gnu]
  ignore line: [Thread model: posix]
  ignore line: [gcc version 5.4.0 20160609 (Ubuntu 5.4.0-6ubuntu1~16.04.4) ]
  ignore line: [COMPILER_PATH=/usr/lib/gcc/x86_64-linux-gnu/5/:/usr/lib/gcc/x86_64-linux-gnu/5/:/usr/lib/gcc/x86_64-linux-gnu/:/usr/lib/gcc/x86_64-linux-gnu/5/:/usr/lib/gcc/x86_64-linux-gnu/]
  ignore line: [LIBRARY_PATH=/usr/lib/gcc/x86_64-linux-gnu/5/:/usr/lib/gcc/x86_64-linux-gnu/5/../../../x86_64-linux-gnu/:/usr/lib/gcc/x86_64-linux-gnu/5/../../../../lib/:/lib/x86_64-linux-gnu/:/lib/../lib/:/usr/lib/x86_64-linux-gnu/:/usr/lib/../lib/:/usr/lib/gcc/x86_64-linux-gnu/5/../../../:/lib/:/usr/lib/]
  ignore line: [COLLECT_GCC_OPTIONS='-v' '-o' 'cmTC_e6616' '-rdynamic' '-mtune=generic' '-march=x86-64']
  link line: [ /usr/lib/gcc/x86_64-linux-gnu/5/collect2 -plugin /usr/lib/gcc/x86_64-linux-gnu/5/liblto_plugin.so -plugin-opt=/usr/lib/gcc/x86_64-linux-gnu/5/lto-wrapper -plugin-opt=-fresolution=/tmp/ccl7zgEr.res -plugin-opt=-pass-through=-lgcc -plugin-opt=-pass-through=-lgcc_s -plugin-opt=-pass-through=-lc -plugin-opt=-pass-through=-lgcc -plugin-opt=-pass-through=-lgcc_s --sysroot=/ --build-id --eh-frame-hdr -m elf_x86_64 --hash-style=gnu --as-needed -export-dynamic -dynamic-linker /lib64/ld-linux-x86-64.so.2 -z relro -o cmTC_e6616 /usr/lib/gcc/x86_64-linux-gnu/5/../../../x86_64-linux-gnu/crt1.o /usr/lib/gcc/x86_64-linux-gnu/5/../../../x86_64-linux-gnu/crti.o /usr/lib/gcc/x86_64-linux-gnu/5/crtbegin.o -L/usr/lib/gcc/x86_64-linux-gnu/5 -L/usr/lib/gcc/x86_64-linux-gnu/5/../../../x86_64-linux-gnu -L/usr/lib/gcc/x86_64-linux-gnu/5/../../../../lib -L/lib/x86_64-linux-gnu -L/lib/../lib -L/usr/lib/x86_64-linux-gnu -L/usr/lib/../lib -L/usr/lib/gcc/x86_64-linux-gnu/5/../../.. CMakeFiles/cmTC_e6616.dir/CMakeCCompilerABI.c.o -lgcc --as-needed -lgcc_s --no-as-needed -lc -lgcc --as-needed -lgcc_s --no-as-needed /usr/lib/gcc/x86_64-linux-gnu/5/crtend.o /usr/lib/gcc/x86_64-linux-gnu/5/../../../x86_64-linux-gnu/crtn.o]
    arg [/usr/lib/gcc/x86_64-linux-gnu/5/collect2] ==> ignore
    arg [-plugin] ==> ignore
    arg [/usr/lib/gcc/x86_64-linux-gnu/5/liblto_plugin.so] ==> ignore
    arg [-plugin-opt=/usr/lib/gcc/x86_64-linux-gnu/5/lto-wrapper] ==> ignore
    arg [-plugin-opt=-fresolution=/tmp/ccl7zgEr.res] ==> ignore
    arg [-plugin-opt=-pass-through=-lgcc] ==> ignore
    arg [-plugin-opt=-pass-through=-lgcc_s] ==> ignore
    arg [-plugin-opt=-pass-through=-lc] ==> ignore
    arg [-plugin-opt=-pass-through=-lgcc] ==> ignore
    arg [-plugin-opt=-pass-through=-lgcc_s] ==> ignore
    arg [--sysroot=/] ==> ignore
    arg [--build-id] ==> ignore
    arg [--eh-frame-hdr] ==> ignore
    arg [-m] ==> ignore
    arg [elf_x86_64] ==> ignore
    arg [--hash-style=gnu] ==> ignore
    arg [--as-needed] ==> ignore
    arg [-export-dynamic] ==> ignore
    arg [-dynamic-linker] ==> ignore
    arg [/lib64/ld-linux-x86-64.so.2] ==> ignore
    arg [-zrelro] ==> ignore
    arg [-o] ==> ignore
    arg [cmTC_e6616] ==> ignore
    arg [/usr/lib/gcc/x86_64-linux-gnu/5/../../../x86_64-linux-gnu/crt1.o] ==> ignore
    arg [/usr/lib/gcc/x86_64-linux-gnu/5/../../../x86_64-linux-gnu/crti.o] ==> ignore
    arg [/usr/lib/gcc/x86_64-linux-gnu/5/crtbegin.o] ==> ignore
    arg [-L/usr/lib/gcc/x86_64-linux-gnu/5] ==> dir [/usr/lib/gcc/x86_64-linux-gnu/5]
    arg [-L/usr/lib/gcc/x86_64-linux-gnu/5/../../../x86_64-linux-gnu] ==> dir [/usr/lib/gcc/x86_64-linux-gnu/5/../../../x86_64-linux-gnu]
    arg [-L/usr/lib/gcc/x86_64-linux-gnu/5/../../../../lib] ==> dir [/usr/lib/gcc/x86_64-linux-gnu/5/../../../../lib]
    arg [-L/lib/x86_64-linux-gnu] ==> dir [/lib/x86_64-linux-gnu]
    arg [-L/lib/../lib] ==> dir [/lib/../lib]
    arg [-L/usr/lib/x86_64-linux-gnu] ==> dir [/usr/lib/x86_64-linux-gnu]
    arg [-L/usr/lib/../lib] ==> dir [/usr/lib/../lib]
    arg [-L/usr/lib/gcc/x86_64-linux-gnu/5/../../..] ==> dir [/usr/lib/gcc/x86_64-linux-gnu/5/../../..]
    arg [CMakeFiles/cmTC_e6616.dir/CMakeCCompilerABI.c.o] ==> ignore
    arg [-lgcc] ==> lib [gcc]
    arg [--as-needed] ==> ignore
    arg [-lgcc_s] ==> lib [gcc_s]
    arg [--no-as-needed] ==> ignore
    arg [-lc] ==> lib [c]
    arg [-lgcc] ==> lib [gcc]
    arg [--as-needed] ==> ignore
    arg [-lgcc_s] ==> lib [gcc_s]
    arg [--no-as-needed] ==> ignore
    arg [/usr/lib/gcc/x86_64-linux-gnu/5/crtend.o] ==> ignore
    arg [/usr/lib/gcc/x86_64-linux-gnu/5/../../../x86_64-linux-gnu/crtn.o] ==> ignore
  remove lib [gcc]
  remove lib [gcc_s]
  remove lib [gcc]
  remove lib [gcc_s]
  collapse library dir [/usr/lib/gcc/x86_64-linux-gnu/5] ==> [/usr/lib/gcc/x86_64-linux-gnu/5]
  collapse library dir [/usr/lib/gcc/x86_64-linux-gnu/5/../../../x86_64-linux-gnu] ==> [/usr/lib/x86_64-linux-gnu]
  collapse library dir [/usr/lib/gcc/x86_64-linux-gnu/5/../../../../lib] ==> [/usr/lib]
  collapse library dir [/lib/x86_64-linux-gnu] ==> [/lib/x86_64-linux-gnu]
  collapse library dir [/lib/../lib] ==> [/lib]
  collapse library dir [/usr/lib/x86_64-linux-gnu] ==> [/usr/lib/x86_64-linux-gnu]
  collapse library dir [/usr/lib/../lib] ==> [/usr/lib]
  collapse library dir [/usr/lib/gcc/x86_64-linux-gnu/5/../../..] ==> [/usr/lib]
  implicit libs: [c]
  implicit dirs: [/usr/lib/gcc/x86_64-linux-gnu/5;/usr/lib/x86_64-linux-gnu;/usr/lib;/lib/x86_64-linux-gnu;/lib]
  implicit fwks: []




Detecting C [-std=c11] compiler features compiled with the following output:
Change Dir: /home/spr/Dokumente/simulator/simulatoren_extern/optimize/nlopt/linux/CMakeFiles/CMakeTmp

Run Build Command:"/usr/bin/make" "cmTC_dbd16/fast"
/usr/bin/make -f CMakeFiles/cmTC_dbd16.dir/build.make CMakeFiles/cmTC_dbd16.dir/build
make[1]: Verzeichnis „/home/spr/Dokumente/simulator/simulatoren_extern/optimize/nlopt/linux/CMakeFiles/CMakeTmp“ wird betreten
Building C object CMakeFiles/cmTC_dbd16.dir/feature_tests.c.o
/usr/bin/cc    -std=c11 -o CMakeFiles/cmTC_dbd16.dir/feature_tests.c.o   -c /home/spr/Dokumente/simulator/simulatoren_extern/optimize/nlopt/linux/CMakeFiles/feature_tests.c
Linking C executable cmTC_dbd16
/usr/bin/cmake -E cmake_link_script CMakeFiles/cmTC_dbd16.dir/link.txt --verbose=1
/usr/bin/cc       CMakeFiles/cmTC_dbd16.dir/feature_tests.c.o  -o cmTC_dbd16 -rdynamic 
make[1]: Verzeichnis „/home/spr/Dokumente/simulator/simulatoren_extern/optimize/nlopt/linux/CMakeFiles/CMakeTmp“ wird verlassen


    Feature record: C_FEATURE:1c_function_prototypes
    Feature record: C_FEATURE:1c_restrict
    Feature record: C_FEATURE:1c_static_assert
    Feature record: C_FEATURE:1c_variadic_macros


Detecting C [-std=c99] compiler features compiled with the following output:
Change Dir: /home/spr/Dokumente/simulator/simulatoren_extern/optimize/nlopt/linux/CMakeFiles/CMakeTmp

Run Build Command:"/usr/bin/make" "cmTC_3cc06/fast"
/usr/bin/make -f CMakeFiles/cmTC_3cc06.dir/build.make CMakeFiles/cmTC_3cc06.dir/build
make[1]: Verzeichnis „/home/spr/Dokumente/simulator/simulatoren_extern/optimize/nlopt/linux/CMakeFiles/CMakeTmp“ wird betreten
Building C object CMakeFiles/cmTC_3cc06.dir/feature_tests.c.o
/usr/bin/cc    -std=c99 -o CMakeFiles/cmTC_3cc06.dir/feature_tests.c.o   -c /home/spr/Dokumente/simulator/simulatoren_extern/optimize/nlopt/linux/CMakeFiles/feature_tests.c
Linking C executable cmTC_3cc06
/usr/bin/cmake -E cmake_link_script CMakeFiles/cmTC_3cc06.dir/link.txt --verbose=1
/usr/bin/cc       CMakeFiles/cmTC_3cc06.dir/feature_tests.c.o  -o cmTC_3cc06 -rdynamic 
make[1]: Verzeichnis „/home/spr/Dokumente/simulator/simulatoren_extern/optimize/nlopt/linux/CMakeFiles/CMakeTmp“ wird verlassen


    Feature record: C_FEATURE:1c_function_prototypes
    Feature record: C_FEATURE:1c_restrict
    Feature record: C_FEATURE:0c_static_assert
    Feature record: C_FEATURE:1c_variadic_macros


Detecting C [-std=c90] compiler features compiled with the following output:
Change Dir: /home/spr/Dokumente/simulator/simulatoren_extern/optimize/nlopt/linux/CMakeFiles/CMakeTmp

Run Build Command:"/usr/bin/make" "cmTC_86030/fast"
/usr/bin/make -f CMakeFiles/cmTC_86030.dir/build.make CMakeFiles/cmTC_86030.dir/build
make[1]: Verzeichnis „/home/spr/Dokumente/simulator/simulatoren_extern/optimize/nlopt/linux/CMakeFiles/CMakeTmp“ wird betreten
Building C object CMakeFiles/cmTC_86030.dir/feature_tests.c.o
/usr/bin/cc    -std=c90 -o CMakeFiles/cmTC_86030.dir/feature_tests.c.o   -c /home/spr/Dokumente/simulator/simulatoren_extern/optimize/nlopt/linux/CMakeFiles/feature_tests.c
Linking C executable cmTC_86030
/usr/bin/cmake -E cmake_link_script CMakeFiles/cmTC_86030.dir/link.txt --verbose=1
/usr/bin/cc       CMakeFiles/cmTC_86030.dir/feature_tests.c.o  -o cmTC_86030 -rdynamic 
make[1]: Verzeichnis „/home/spr/Dokumente/simulator/simulatoren_extern/optimize/nlopt/linux/CMakeFiles/CMakeTmp“ wird verlassen


    Feature record: C_FEATURE:1c_function_prototypes
    Feature record: C_FEATURE:0c_restrict
    Feature record: C_FEATURE:0c_static_assert
    Feature record: C_FEATURE:0c_variadic_macros
Determining if the CXX compiler works passed with the following output:
Change Dir: /home/spr/Dokumente/simulator/simulatoren_extern/optimize/nlopt/linux/CMakeFiles/CMakeTmp

Run Build Command:"/usr/bin/make" "cmTC_854be/fast"
/usr/bin/make -f CMakeFiles/cmTC_854be.dir/build.make CMakeFiles/cmTC_854be.dir/build
make[1]: Verzeichnis „/home/spr/Dokumente/simulator/simulatoren_extern/optimize/nlopt/linux/CMakeFiles/CMakeTmp“ wird betreten
Building CXX object CMakeFiles/cmTC_854be.dir/testCXXCompiler.cxx.o
/usr/bin/c++      -o CMakeFiles/cmTC_854be.dir/testCXXCompiler.cxx.o -c /home/spr/Dokumente/simulator/simulatoren_extern/optimize/nlopt/linux/CMakeFiles/CMakeTmp/testCXXCompiler.cxx
Linking CXX executable cmTC_854be
/usr/bin/cmake -E cmake_link_script CMakeFiles/cmTC_854be.dir/link.txt --verbose=1
/usr/bin/c++        CMakeFiles/cmTC_854be.dir/testCXXCompiler.cxx.o  -o cmTC_854be -rdynamic 
make[1]: Verzeichnis „/home/spr/Dokumente/simulator/simulatoren_extern/optimize/nlopt/linux/CMakeFiles/CMakeTmp“ wird verlassen


Detecting CXX compiler ABI info compiled with the following output:
Change Dir: /home/spr/Dokumente/simulator/simulatoren_extern/optimize/nlopt/linux/CMakeFiles/CMakeTmp

Run Build Command:"/usr/bin/make" "cmTC_680f2/fast"
/usr/bin/make -f CMakeFiles/cmTC_680f2.dir/build.make CMakeFiles/cmTC_680f2.dir/build
make[1]: Verzeichnis „/home/spr/Dokumente/simulator/simulatoren_extern/optimize/nlopt/linux/CMakeFiles/CMakeTmp“ wird betreten
Building CXX object CMakeFiles/cmTC_680f2.dir/CMakeCXXCompilerABI.cpp.o
/usr/bin/c++      -o CMakeFiles/cmTC_680f2.dir/CMakeCXXCompilerABI.cpp.o -c /usr/share/cmake-3.5/Modules/CMakeCXXCompilerABI.cpp
Linking CXX executable cmTC_680f2
/usr/bin/cmake -E cmake_link_script CMakeFiles/cmTC_680f2.dir/link.txt --verbose=1
/usr/bin/c++       -v CMakeFiles/cmTC_680f2.dir/CMakeCXXCompilerABI.cpp.o  -o cmTC_680f2 -rdynamic  
Using built-in specs.
COLLECT_GCC=/usr/bin/c++
COLLECT_LTO_WRAPPER=/usr/lib/gcc/x86_64-linux-gnu/5/lto-wrapper
Target: x86_64-linux-gnu
Configured with: ../src/configure -v --with-pkgversion='Ubuntu 5.4.0-6ubuntu1~16.04.4' --with-bugurl=file:///usr/share/doc/gcc-5/README.Bugs --enable-languages=c,ada,c++,java,go,d,fortran,objc,obj-c++ --prefix=/usr --program-suffix=-5 --enable-shared --enable-linker-build-id --libexecdir=/usr/lib --without-included-gettext --enable-threads=posix --libdir=/usr/lib --enable-nls --with-sysroot=/ --enable-clocale=gnu --enable-libstdcxx-debug --enable-libstdcxx-time=yes --with-default-libstdcxx-abi=new --enable-gnu-unique-object --disable-vtable-verify --enable-libmpx --enable-plugin --with-system-zlib --disable-browser-plugin --enable-java-awt=gtk --enable-gtk-cairo --with-java-home=/usr/lib/jvm/java-1.5.0-gcj-5-amd64/jre --enable-java-home --with-jvm-root-dir=/usr/lib/jvm/java-1.5.0-gcj-5-amd64 --with-jvm-jar-dir=/usr/lib/jvm-exports/java-1.5.0-gcj-5-amd64 --with-arch-directory=amd64 --with-ecj-jar=/usr/share/java/eclipse-ecj.jar --enable-objc-gc --enable-multiarch --disable-werror --with-arch-32=i686 --with-abi=m64 --with-multilib-list=m32,m64,mx32 --enable-multilib --with-tune=generic --enable-checking=release --build=x86_64-linux-gnu --host=x86_64-linux-gnu --target=x86_64-linux-gnu
Thread model: posix
gcc version 5.4.0 20160609 (Ubuntu 5.4.0-6ubuntu1~16.04.4) 
COMPILER_PATH=/usr/lib/gcc/x86_64-linux-gnu/5/:/usr/lib/gcc/x86_64-linux-gnu/5/:/usr/lib/gcc/x86_64-linux-gnu/:/usr/lib/gcc/x86_64-linux-gnu/5/:/usr/lib/gcc/x86_64-linux-gnu/
LIBRARY_PATH=/usr/lib/gcc/x86_64-linux-gnu/5/:/usr/lib/gcc/x86_64-linux-gnu/5/../../../x86_64-linux-gnu/:/usr/lib/gcc/x86_64-linux-gnu/5/../../../../lib/:/lib/x86_64-linux-gnu/:/lib/../lib/:/usr/lib/x86_64-linux-gnu/:/usr/lib/../lib/:/usr/lib/gcc/x86_64-linux-gnu/5/../../../:/lib/:/usr/lib/
COLLECT_GCC_OPTIONS='-v' '-o' 'cmTC_680f2' '-rdynamic' '-shared-libgcc' '-mtune=generic' '-march=x86-64'
 /usr/lib/gcc/x86_64-linux-gnu/5/collect2 -plugin /usr/lib/gcc/x86_64-linux-gnu/5/liblto_plugin.so -plugin-opt=/usr/lib/gcc/x86_64-linux-gnu/5/lto-wrapper -plugin-opt=-fresolution=/tmp/ccH6bPCR.res -plugin-opt=-pass-through=-lgcc_s -plugin-opt=-pass-through=-lgcc -plugin-opt=-pass-through=-lc -plugin-opt=-pass-through=-lgcc_s -plugin-opt=-pass-through=-lgcc --sysroot=/ --build-id --eh-frame-hdr -m elf_x86_64 --hash-style=gnu --as-needed -export-dynamic -dynamic-linker /lib64/ld-linux-x86-64.so.2 -z relro -o cmTC_680f2 /usr/lib/gcc/x86_64-linux-gnu/5/../../../x86_64-linux-gnu/crt1.o /usr/lib/gcc/x86_64-linux-gnu/5/../../../x86_64-linux-gnu/crti.o /usr/lib/gcc/x86_64-linux-gnu/5/crtbegin.o -L/usr/lib/gcc/x86_64-linux-gnu/5 -L/usr/lib/gcc/x86_64-linux-gnu/5/../../../x86_64-linux-gnu -L/usr/lib/gcc/x86_64-linux-gnu/5/../../../../lib -L/lib/x86_64-linux-gnu -L/lib/../lib -L/usr/lib/x86_64-linux-gnu -L/usr/lib/../lib -L/usr/lib/gcc/x86_64-linux-gnu/5/../../.. CMakeFiles/cmTC_680f2.dir/CMakeCXXCompilerABI.cpp.o -lstdc++ -lm -lgcc_s -lgcc -lc -lgcc_s -lgcc /usr/lib/gcc/x86_64-linux-gnu/5/crtend.o /usr/lib/gcc/x86_64-linux-gnu/5/../../../x86_64-linux-gnu/crtn.o
make[1]: Verzeichnis „/home/spr/Dokumente/simulator/simulatoren_extern/optimize/nlopt/linux/CMakeFiles/CMakeTmp“ wird verlassen


Parsed CXX implicit link information from above output:
  link line regex: [^( *|.*[/\])(ld|([^/\]+-)?ld|collect2)[^/\]*( |$)]
  ignore line: [Change Dir: /home/spr/Dokumente/simulator/simulatoren_extern/optimize/nlopt/linux/CMakeFiles/CMakeTmp]
  ignore line: []
  ignore line: [Run Build Command:"/usr/bin/make" "cmTC_680f2/fast"]
  ignore line: [/usr/bin/make -f CMakeFiles/cmTC_680f2.dir/build.make CMakeFiles/cmTC_680f2.dir/build]
  ignore line: [make[1]: Verzeichnis „/home/spr/Dokumente/simulator/simulatoren_extern/optimize/nlopt/linux/CMakeFiles/CMakeTmp“ wird betreten]
  ignore line: [Building CXX object CMakeFiles/cmTC_680f2.dir/CMakeCXXCompilerABI.cpp.o]
  ignore line: [/usr/bin/c++      -o CMakeFiles/cmTC_680f2.dir/CMakeCXXCompilerABI.cpp.o -c /usr/share/cmake-3.5/Modules/CMakeCXXCompilerABI.cpp]
  ignore line: [Linking CXX executable cmTC_680f2]
  ignore line: [/usr/bin/cmake -E cmake_link_script CMakeFiles/cmTC_680f2.dir/link.txt --verbose=1]
  ignore line: [/usr/bin/c++       -v CMakeFiles/cmTC_680f2.dir/CMakeCXXCompilerABI.cpp.o  -o cmTC_680f2 -rdynamic  ]
  ignore line: [Using built-in specs.]
  ignore line: [COLLECT_GCC=/usr/bin/c++]
  ignore line: [COLLECT_LTO_WRAPPER=/usr/lib/gcc/x86_64-linux-gnu/5/lto-wrapper]
  ignore line: [Target: x86_64-linux-gnu]
  ignore line: [Configured with: ../src/configure -v --with-pkgversion='Ubuntu 5.4.0-6ubuntu1~16.04.4' --with-bugurl=file:///usr/share/doc/gcc-5/README.Bugs --enable-languages=c,ada,c++,java,go,d,fortran,objc,obj-c++ --prefix=/usr --program-suffix=-5 --enable-shared --enable-linker-build-id --libexecdir=/usr/lib --without-included-gettext --enable-threads=posix --libdir=/usr/lib --enable-nls --with-sysroot=/ --enable-clocale=gnu --enable-libstdcxx-debug --enable-libstdcxx-time=yes --with-default-libstdcxx-abi=new --enable-gnu-unique-object --disable-vtable-verify --enable-libmpx --enable-plugin --with-system-zlib --disable-browser-plugin --enable-java-awt=gtk --enable-gtk-cairo --with-java-home=/usr/lib/jvm/java-1.5.0-gcj-5-amd64/jre --enable-java-home --with-jvm-root-dir=/usr/lib/jvm/java-1.5.0-gcj-5-amd64 --with-jvm-jar-dir=/usr/lib/jvm-exports/java-1.5.0-gcj-5-amd64 --with-arch-directory=amd64 --with-ecj-jar=/usr/share/java/eclipse-ecj.jar --enable-objc-gc --enable-multiarch --disable-werror --with-arch-32=i686 --with-abi=m64 --with-multilib-list=m32,m64,mx32 --enable-multilib --with-tune=generic --enable-checking=release --build=x86_64-linux-gnu --host=x86_64-linux-gnu --target=x86_64-linux-gnu]
  ignore line: [Thread model: posix]
  ignore line: [gcc version 5.4.0 20160609 (Ubuntu 5.4.0-6ubuntu1~16.04.4) ]
  ignore line: [COMPILER_PATH=/usr/lib/gcc/x86_64-linux-gnu/5/:/usr/lib/gcc/x86_64-linux-gnu/5/:/usr/lib/gcc/x86_64-linux-gnu/:/usr/lib/gcc/x86_64-linux-gnu/5/:/usr/lib/gcc/x86_64-linux-gnu/]
  ignore line: [LIBRARY_PATH=/usr/lib/gcc/x86_64-linux-gnu/5/:/usr/lib/gcc/x86_64-linux-gnu/5/../../../x86_64-linux-gnu/:/usr/lib/gcc/x86_64-linux-gnu/5/../../../../lib/:/lib/x86_64-linux-gnu/:/lib/../lib/:/usr/lib/x86_64-linux-gnu/:/usr/lib/../lib/:/usr/lib/gcc/x86_64-linux-gnu/5/../../../:/lib/:/usr/lib/]
  ignore line: [COLLECT_GCC_OPTIONS='-v' '-o' 'cmTC_680f2' '-rdynamic' '-shared-libgcc' '-mtune=generic' '-march=x86-64']
  link line: [ /usr/lib/gcc/x86_64-linux-gnu/5/collect2 -plugin /usr/lib/gcc/x86_64-linux-gnu/5/liblto_plugin.so -plugin-opt=/usr/lib/gcc/x86_64-linux-gnu/5/lto-wrapper -plugin-opt=-fresolution=/tmp/ccH6bPCR.res -plugin-opt=-pass-through=-lgcc_s -plugin-opt=-pass-through=-lgcc -plugin-opt=-pass-through=-lc -plugin-opt=-pass-through=-lgcc_s -plugin-opt=-pass-through=-lgcc --sysroot=/ --build-id --eh-frame-hdr -m elf_x86_64 --hash-style=gnu --as-needed -export-dynamic -dynamic-linker /lib64/ld-linux-x86-64.so.2 -z relro -o cmTC_680f2 /usr/lib/gcc/x86_64-linux-gnu/5/../../../x86_64-linux-gnu/crt1.o /usr/lib/gcc/x86_64-linux-gnu/5/../../../x86_64-linux-gnu/crti.o /usr/lib/gcc/x86_64-linux-gnu/5/crtbegin.o -L/usr/lib/gcc/x86_64-linux-gnu/5 -L/usr/lib/gcc/x86_64-linux-gnu/5/../../../x86_64-linux-gnu -L/usr/lib/gcc/x86_64-linux-gnu/5/../../../../lib -L/lib/x86_64-linux-gnu -L/lib/../lib -L/usr/lib/x86_64-linux-gnu -L/usr/lib/../lib -L/usr/lib/gcc/x86_64-linux-gnu/5/../../.. CMakeFiles/cmTC_680f2.dir/CMakeCXXCompilerABI.cpp.o -lstdc++ -lm -lgcc_s -lgcc -lc -lgcc_s -lgcc /usr/lib/gcc/x86_64-linux-gnu/5/crtend.o /usr/lib/gcc/x86_64-linux-gnu/5/../../../x86_64-linux-gnu/crtn.o]
    arg [/usr/lib/gcc/x86_64-linux-gnu/5/collect2] ==> ignore
    arg [-plugin] ==> ignore
    arg [/usr/lib/gcc/x86_64-linux-gnu/5/liblto_plugin.so] ==> ignore
    arg [-plugin-opt=/usr/lib/gcc/x86_64-linux-gnu/5/lto-wrapper] ==> ignore
    arg [-plugin-opt=-fresolution=/tmp/ccH6bPCR.res] ==> ignore
    arg [-plugin-opt=-pass-through=-lgcc_s] ==> ignore
    arg [-plugin-opt=-pass-through=-lgcc] ==> ignore
    arg [-plugin-opt=-pass-through=-lc] ==> ignore
    arg [-plugin-opt=-pass-through=-lgcc_s] ==> ignore
    arg [-plugin-opt=-pass-through=-lgcc] ==> ignore
    arg [--sysroot=/] ==> ignore
    arg [--build-id] ==> ignore
    arg [--eh-frame-hdr] ==> ignore
    arg [-m] ==> ignore
    arg [elf_x86_64] ==> ignore
    arg [--hash-style=gnu] ==> ignore
    arg [--as-needed] ==> ignore
    arg [-export-dynamic] ==> ignore
    arg [-dynamic-linker] ==> ignore
    arg [/lib64/ld-linux-x86-64.so.2] ==> ignore
    arg [-zrelro] ==> ignore
    arg [-o] ==> ignore
    arg [cmTC_680f2] ==> ignore
    arg [/usr/lib/gcc/x86_64-linux-gnu/5/../../../x86_64-linux-gnu/crt1.o] ==> ignore
    arg [/usr/lib/gcc/x86_64-linux-gnu/5/../../../x86_64-linux-gnu/crti.o] ==> ignore
    arg [/usr/lib/gcc/x86_64-linux-gnu/5/crtbegin.o] ==> ignore
    arg [-L/usr/lib/gcc/x86_64-linux-gnu/5] ==> dir [/usr/lib/gcc/x86_64-linux-gnu/5]
    arg [-L/usr/lib/gcc/x86_64-linux-gnu/5/../../../x86_64-linux-gnu] ==> dir [/usr/lib/gcc/x86_64-linux-gnu/5/../../../x86_64-linux-gnu]
    arg [-L/usr/lib/gcc/x86_64-linux-gnu/5/../../../../lib] ==> dir [/usr/lib/gcc/x86_64-linux-gnu/5/../../../../lib]
    arg [-L/lib/x86_64-linux-gnu] ==> dir [/lib/x86_64-linux-gnu]
    arg [-L/lib/../lib] ==> dir [/lib/../lib]
    arg [-L/usr/lib/x86_64-linux-gnu] ==> dir [/usr/lib/x86_64-linux-gnu]
    arg [-L/usr/lib/../lib] ==> dir [/usr/lib/../lib]
    arg [-L/usr/lib/gcc/x86_64-linux-gnu/5/../../..] ==> dir [/usr/lib/gcc/x86_64-linux-gnu/5/../../..]
    arg [CMakeFiles/cmTC_680f2.dir/CMakeCXXCompilerABI.cpp.o] ==> ignore
    arg [-lstdc++] ==> lib [stdc++]
    arg [-lm] ==> lib [m]
    arg [-lgcc_s] ==> lib [gcc_s]
    arg [-lgcc] ==> lib [gcc]
    arg [-lc] ==> lib [c]
    arg [-lgcc_s] ==> lib [gcc_s]
    arg [-lgcc] ==> lib [gcc]
    arg [/usr/lib/gcc/x86_64-linux-gnu/5/crtend.o] ==> ignore
    arg [/usr/lib/gcc/x86_64-linux-gnu/5/../../../x86_64-linux-gnu/crtn.o] ==> ignore
  remove lib [gcc_s]
  remove lib [gcc]
  remove lib [gcc_s]
  remove lib [gcc]
  collapse library dir [/usr/lib/gcc/x86_64-linux-gnu/5] ==> [/usr/lib/gcc/x86_64-linux-gnu/5]
  collapse library dir [/usr/lib/gcc/x86_64-linux-gnu/5/../../../x86_64-linux-gnu] ==> [/usr/lib/x86_64-linux-gnu]
  collapse library dir [/usr/lib/gcc/x86_64-linux-gnu/5/../../../../lib] ==> [/usr/lib]
  collapse library dir [/lib/x86_64-linux-gnu] ==> [/lib/x86_64-linux-gnu]
  collapse library dir [/lib/../lib] ==> [/lib]
  collapse library dir [/usr/lib/x86_64-linux-gnu] ==> [/usr/lib/x86_64-linux-gnu]
  collapse library dir [/usr/lib/../lib] ==> [/usr/lib]
  collapse library dir [/usr/lib/gcc/x86_64-linux-gnu/5/../../..] ==> [/usr/lib]
  implicit libs: [stdc++;m;c]
  implicit dirs: [/usr/lib/gcc/x86_64-linux-gnu/5;/usr/lib/x86_64-linux-gnu;/usr/lib;/lib/x86_64-linux-gnu;/lib]
  implicit fwks: []




Detecting CXX [-std=c++14] compiler features compiled with the following output:
Change Dir: /home/spr/Dokumente/simulator/simulatoren_extern/optimize/nlopt/linux/CMakeFiles/CMakeTmp

Run Build Command:"/usr/bin/make" "cmTC_c6499/fast"
/usr/bin/make -f CMakeFiles/cmTC_c6499.dir/build.make CMakeFiles/cmTC_c6499.dir/build
make[1]: Verzeichnis „/home/spr/Dokumente/simulator/simulatoren_extern/optimize/nlopt/linux/CMakeFiles/CMakeTmp“ wird betreten
Building CXX object CMakeFiles/cmTC_c6499.dir/feature_tests.cxx.o
/usr/bin/c++     -std=c++14 -o CMakeFiles/cmTC_c6499.dir/feature_tests.cxx.o -c /home/spr/Dokumente/simulator/simulatoren_extern/optimize/nlopt/linux/CMakeFiles/feature_tests.cxx
Linking CXX executable cmTC_c6499
/usr/bin/cmake -E cmake_link_script CMakeFiles/cmTC_c6499.dir/link.txt --verbose=1
/usr/bin/c++        CMakeFiles/cmTC_c6499.dir/feature_tests.cxx.o  -o cmTC_c6499 -rdynamic 
make[1]: Verzeichnis „/home/spr/Dokumente/simulator/simulatoren_extern/optimize/nlopt/linux/CMakeFiles/CMakeTmp“ wird verlassen


    Feature record: CXX_FEATURE:1cxx_aggregate_default_initializers
    Feature record: CXX_FEATURE:1cxx_alias_templates
    Feature record: CXX_FEATURE:1cxx_alignas
    Feature record: CXX_FEATURE:1cxx_alignof
    Feature record: CXX_FEATURE:1cxx_attributes
    Feature record: CXX_FEATURE:1cxx_attribute_deprecated
    Feature record: CXX_FEATURE:1cxx_auto_type
    Feature record: CXX_FEATURE:1cxx_binary_literals
    Feature record: CXX_FEATURE:1cxx_constexpr
    Feature record: CXX_FEATURE:1cxx_contextual_conversions
    Feature record: CXX_FEATURE:1cxx_decltype
    Feature record: CXX_FEATURE:1cxx_decltype_auto
    Feature record: CXX_FEATURE:1cxx_decltype_incomplete_return_types
    Feature record: CXX_FEATURE:1cxx_default_function_template_args
    Feature record: CXX_FEATURE:1cxx_defaulted_functions
    Feature record: CXX_FEATURE:1cxx_defaulted_move_initializers
    Feature record: CXX_FEATURE:1cxx_delegating_constructors
    Feature record: CXX_FEATURE:1cxx_deleted_functions
    Feature record: CXX_FEATURE:1cxx_digit_separators
    Feature record: CXX_FEATURE:1cxx_enum_forward_declarations
    Feature record: CXX_FEATURE:1cxx_explicit_conversions
    Feature record: CXX_FEATURE:1cxx_extended_friend_declarations
    Feature record: CXX_FEATURE:1cxx_extern_templates
    Feature record: CXX_FEATURE:1cxx_final
    Feature record: CXX_FEATURE:1cxx_func_identifier
    Feature record: CXX_FEATURE:1cxx_generalized_initializers
    Feature record: CXX_FEATURE:1cxx_generic_lambdas
    Feature record: CXX_FEATURE:1cxx_inheriting_constructors
    Feature record: CXX_FEATURE:1cxx_inline_namespaces
    Feature record: CXX_FEATURE:1cxx_lambdas
    Feature record: CXX_FEATURE:1cxx_lambda_init_captures
    Feature record: CXX_FEATURE:1cxx_local_type_template_args
    Feature record: CXX_FEATURE:1cxx_long_long_type
    Feature record: CXX_FEATURE:1cxx_noexcept
    Feature record: CXX_FEATURE:1cxx_nonstatic_member_init
    Feature record: CXX_FEATURE:1cxx_nullptr
    Feature record: CXX_FEATURE:1cxx_override
    Feature record: CXX_FEATURE:1cxx_range_for
    Feature record: CXX_FEATURE:1cxx_raw_string_literals
    Feature record: CXX_FEATURE:1cxx_reference_qualified_functions
    Feature record: CXX_FEATURE:1cxx_relaxed_constexpr
    Feature record: CXX_FEATURE:1cxx_return_type_deduction
    Feature record: CXX_FEATURE:1cxx_right_angle_brackets
    Feature record: CXX_FEATURE:1cxx_rvalue_references
    Feature record: CXX_FEATURE:1cxx_sizeof_member
    Feature record: CXX_FEATURE:1cxx_static_assert
    Feature record: CXX_FEATURE:1cxx_strong_enums
    Feature record: CXX_FEATURE:1cxx_template_template_parameters
    Feature record: CXX_FEATURE:1cxx_thread_local
    Feature record: CXX_FEATURE:1cxx_trailing_return_types
    Feature record: CXX_FEATURE:1cxx_unicode_literals
    Feature record: CXX_FEATURE:1cxx_uniform_initialization
    Feature record: CXX_FEATURE:1cxx_unrestricted_unions
    Feature record: CXX_FEATURE:1cxx_user_literals
    Feature record: CXX_FEATURE:1cxx_variable_templates
    Feature record: CXX_FEATURE:1cxx_variadic_macros
    Feature record: CXX_FEATURE:1cxx_variadic_templates


Detecting CXX [-std=c++11] compiler features compiled with the following output:
Change Dir: /home/spr/Dokumente/simulator/simulatoren_extern/optimize/nlopt/linux/CMakeFiles/CMakeTmp

Run Build Command:"/usr/bin/make" "cmTC_994c2/fast"
/usr/bin/make -f CMakeFiles/cmTC_994c2.dir/build.make CMakeFiles/cmTC_994c2.dir/build
make[1]: Verzeichnis „/home/spr/Dokumente/simulator/simulatoren_extern/optimize/nlopt/linux/CMakeFiles/CMakeTmp“ wird betreten
Building CXX object CMakeFiles/cmTC_994c2.dir/feature_tests.cxx.o
/usr/bin/c++     -std=c++11 -o CMakeFiles/cmTC_994c2.dir/feature_tests.cxx.o -c /home/spr/Dokumente/simulator/simulatoren_extern/optimize/nlopt/linux/CMakeFiles/feature_tests.cxx
Linking CXX executable cmTC_994c2
/usr/bin/cmake -E cmake_link_script CMakeFiles/cmTC_994c2.dir/link.txt --verbose=1
/usr/bin/c++        CMakeFiles/cmTC_994c2.dir/feature_tests.cxx.o  -o cmTC_994c2 -rdynamic 
make[1]: Verzeichnis „/home/spr/Dokumente/simulator/simulatoren_extern/optimize/nlopt/linux/CMakeFiles/CMakeTmp“ wird verlassen


    Feature record: CXX_FEATURE:0cxx_aggregate_default_initializers
    Feature record: CXX_FEATURE:1cxx_alias_templates
    Feature record: CXX_FEATURE:1cxx_alignas
    Feature record: CXX_FEATURE:1cxx_alignof
    Feature record: CXX_FEATURE:1cxx_attributes
    Feature record: CXX_FEATURE:0cxx_attribute_deprecated
    Feature record: CXX_FEATURE:1cxx_auto_type
    Feature record: CXX_FEATURE:0cxx_binary_literals
    Feature record: CXX_FEATURE:1cxx_constexpr
    Feature record: CXX_FEATURE:0cxx_contextual_conversions
    Feature record: CXX_FEATURE:1cxx_decltype
    Feature record: CXX_FEATURE:0cxx_decltype_auto
    Feature record: CXX_FEATURE:1cxx_decltype_incomplete_return_types
    Feature record: CXX_FEATURE:1cxx_default_function_template_args
    Feature record: CXX_FEATURE:1cxx_defaulted_functions
    Feature record: CXX_FEATURE:1cxx_defaulted_move_initializers
    Feature record: CXX_FEATURE:1cxx_delegating_constructors
    Feature record: CXX_FEATURE:1cxx_deleted_functions
    Feature record: CXX_FEATURE:0cxx_digit_separators
    Feature record: CXX_FEATURE:1cxx_enum_forward_declarations
    Feature record: CXX_FEATURE:1cxx_explicit_conversions
    Feature record: CXX_FEATURE:1cxx_extended_friend_declarations
    Feature record: CXX_FEATURE:1cxx_extern_templates
    Feature record: CXX_FEATURE:1cxx_final
    Feature record: CXX_FEATURE:1cxx_func_identifier
    Feature record: CXX_FEATURE:1cxx_generalized_initializers
    Feature record: CXX_FEATURE:0cxx_generic_lambdas
    Feature record: CXX_FEATURE:1cxx_inheriting_constructors
    Feature record: CXX_FEATURE:1cxx_inline_namespaces
    Feature record: CXX_FEATURE:1cxx_lambdas
    Feature record: CXX_FEATURE:0cxx_lambda_init_captures
    Feature record: CXX_FEATURE:1cxx_local_type_template_args
    Feature record: CXX_FEATURE:1cxx_long_long_type
    Feature record: CXX_FEATURE:1cxx_noexcept
    Feature record: CXX_FEATURE:1cxx_nonstatic_member_init
    Feature record: CXX_FEATURE:1cxx_nullptr
    Feature record: CXX_FEATURE:1cxx_override
    Feature record: CXX_FEATURE:1cxx_range_for
    Feature record: CXX_FEATURE:1cxx_raw_string_literals
    Feature record: CXX_FEATURE:1cxx_reference_qualified_functions
    Feature record: CXX_FEATURE:0cxx_relaxed_constexpr
    Feature record: CXX_FEATURE:0cxx_return_type_deduction
    Feature record: CXX_FEATURE:1cxx_right_angle_brackets
    Feature record: CXX_FEATURE:1cxx_rvalue_references
    Feature record: CXX_FEATURE:1cxx_sizeof_member
    Feature record: CXX_FEATURE:1cxx_static_assert
    Feature record: CXX_FEATURE:1cxx_strong_enums
    Feature record: CXX_FEATURE:1cxx_template_template_parameters
    Feature record: CXX_FEATURE:1cxx_thread_local
    Feature record: CXX_FEATURE:1cxx_trailing_return_types
    Feature record: CXX_FEATURE:1cxx_unicode_literals
    Feature record: CXX_FEATURE:1cxx_uniform_initialization
    Feature record: CXX_FEATURE:1cxx_unrestricted_unions
    Feature record: CXX_FEATURE:1cxx_user_literals
    Feature record: CXX_FEATURE:0cxx_variable_templates
    Feature record: CXX_FEATURE:1cxx_variadic_macros
    Feature record: CXX_FEATURE:1cxx_variadic_templates


Detecting CXX [-std=c++98] compiler features compiled with the following output:
Change Dir: /home/spr/Dokumente/simulator/simulatoren_extern/optimize/nlopt/linux/CMakeFiles/CMakeTmp

Run Build Command:"/usr/bin/make" "cmTC_a2bfd/fast"
/usr/bin/make -f CMakeFiles/cmTC_a2bfd.dir/build.make CMakeFiles/cmTC_a2bfd.dir/build
make[1]: Verzeichnis „/home/spr/Dokumente/simulator/simulatoren_extern/optimize/nlopt/linux/CMakeFiles/CMakeTmp“ wird betreten
Building CXX object CMakeFiles/cmTC_a2bfd.dir/feature_tests.cxx.o
/usr/bin/c++     -std=c++98 -o CMakeFiles/cmTC_a2bfd.dir/feature_tests.cxx.o -c /home/spr/Dokumente/simulator/simulatoren_extern/optimize/nlopt/linux/CMakeFiles/feature_tests.cxx
Linking CXX executable cmTC_a2bfd
/usr/bin/cmake -E cmake_link_script CMakeFiles/cmTC_a2bfd.dir/link.txt --verbose=1
/usr/bin/c++        CMakeFiles/cmTC_a2bfd.dir/feature_tests.cxx.o  -o cmTC_a2bfd -rdynamic 
make[1]: Verzeichnis „/home/spr/Dokumente/simulator/simulatoren_extern/optimize/nlopt/linux/CMakeFiles/CMakeTmp“ wird verlassen


    Feature record: CXX_FEATURE:0cxx_aggregate_default_initializers
    Feature record: CXX_FEATURE:0cxx_alias_templates
    Feature record: CXX_FEATURE:0cxx_alignas
    Feature record: CXX_FEATURE:0cxx_alignof
    Feature record: CXX_FEATURE:0cxx_attributes
    Feature record: CXX_FEATURE:0cxx_attribute_deprecated
    Feature record: CXX_FEATURE:0cxx_auto_type
    Feature record: CXX_FEATURE:0cxx_binary_literals
    Feature record: CXX_FEATURE:0cxx_constexpr
    Feature record: CXX_FEATURE:0cxx_contextual_conversions
    Feature record: CXX_FEATURE:0cxx_decltype
    Feature record: CXX_FEATURE:0cxx_decltype_auto
    Feature record: CXX_FEATURE:0cxx_decltype_incomplete_return_types
    Feature record: CXX_FEATURE:0cxx_default_function_template_args
    Feature record: CXX_FEATURE:0cxx_defaulted_functions
    Feature record: CXX_FEATURE:0cxx_defaulted_move_initializers
    Feature record: CXX_FEATURE:0cxx_delegating_constructors
    Feature record: CXX_FEATURE:0cxx_deleted_functions
    Feature record: CXX_FEATURE:0cxx_digit_separators
    Feature record: CXX_FEATURE:0cxx_enum_forward_declarations
    Feature record: CXX_FEATURE:0cxx_explicit_conversions
    Feature record: CXX_FEATURE:0cxx_extended_friend_declarations
    Feature record: CXX_FEATURE:0cxx_extern_templates
    Feature record: CXX_FEATURE:0cxx_final
    Feature record: CXX_FEATURE:0cxx_func_identifier
    Feature record: CXX_FEATURE:0cxx_generalized_initializers
    Feature record: CXX_FEATURE:0cxx_generic_lambdas
    Feature record: CXX_FEATURE:0cxx_inheriting_constructors
    Feature record: CXX_FEATURE:0cxx_inline_namespaces
    Feature record: CXX_FEATURE:0cxx_lambdas
    Feature record: CXX_FEATURE:0cxx_lambda_init_captures
    Feature record: CXX_FEATURE:0cxx_local_type_template_args
    Feature record: CXX_FEATURE:0cxx_long_long_type
    Feature record: CXX_FEATURE:0cxx_noexcept
    Feature record: CXX_FEATURE:0cxx_nonstatic_member_init
    Feature record: CXX_FEATURE:0cxx_nullptr
    Feature record: CXX_FEATURE:0cxx_override
    Feature record: CXX_FEATURE:0cxx_range_for
    Feature record: CXX_FEATURE:0cxx_raw_string_literals
    Feature record: CXX_FEATURE:0cxx_reference_qualified_functions
    Feature record: CXX_FEATURE:0cxx_relaxed_constexpr
    Feature record: CXX_FEATURE:0cxx_return_type_deduction
    Feature record: CXX_FEATURE:0cxx_right_angle_brackets
    Feature record: CXX_FEATURE:0cxx_rvalue_references
    Feature record: CXX_FEATURE:0cxx_sizeof_member
    Feature record: CXX_FEATURE:0cxx_static_assert
    Feature record: CXX_FEATURE:0cxx_strong_enums
    Feature record: CXX_FEATURE:1cxx_template_template_parameters
    Feature record: CXX_FEATURE:0cxx_thread_local
    Feature record: CXX_FEATURE:0cxx_trailing_return_types
    Feature record: CXX_FEATURE:0cxx_unicode_literals
    Feature record: CXX_FEATURE:0cxx_uniform_initialization
    Feature record: CXX_FEATURE:0cxx_unrestricted_unions
    Feature record: CXX_FEATURE:0cxx_user_literals
    Feature record: CXX_FEATURE:0cxx_variable_templates
    Feature record: CXX_FEATURE:0cxx_variadic_macros
    Feature record: CXX_FEATURE:0cxx_variadic_templates
Determining if the include file dlfcn.h exists passed with the following output:
Change Dir: /home/spr/Dokumente/simulator/simulatoren_extern/optimize/nlopt/linux/CMakeFiles/CMakeTmp

Run Build Command:"/usr/bin/make" "cmTC_2f705/fast"
/usr/bin/make -f CMakeFiles/cmTC_2f705.dir/build.make CMakeFiles/cmTC_2f705.dir/build
make[1]: Verzeichnis „/home/spr/Dokumente/simulator/simulatoren_extern/optimize/nlopt/linux/CMakeFiles/CMakeTmp“ wird betreten
Building C object CMakeFiles/cmTC_2f705.dir/CheckIncludeFile.c.o
/usr/bin/cc     -o CMakeFiles/cmTC_2f705.dir/CheckIncludeFile.c.o   -c /home/spr/Dokumente/simulator/simulatoren_extern/optimize/nlopt/linux/CMakeFiles/CMakeTmp/CheckIncludeFile.c
Linking C executable cmTC_2f705
/usr/bin/cmake -E cmake_link_script CMakeFiles/cmTC_2f705.dir/link.txt --verbose=1
/usr/bin/cc       CMakeFiles/cmTC_2f705.dir/CheckIncludeFile.c.o  -o cmTC_2f705 -rdynamic 
make[1]: Verzeichnis „/home/spr/Dokumente/simulator/simulatoren_extern/optimize/nlopt/linux/CMakeFiles/CMakeTmp“ wird verlassen


Determining if the include file getopt.h exists passed with the following output:
Change Dir: /home/spr/Dokumente/simulator/simulatoren_extern/optimize/nlopt/linux/CMakeFiles/CMakeTmp

Run Build Command:"/usr/bin/make" "cmTC_b6806/fast"
/usr/bin/make -f CMakeFiles/cmTC_b6806.dir/build.make CMakeFiles/cmTC_b6806.dir/build
make[1]: Verzeichnis „/home/spr/Dokumente/simulator/simulatoren_extern/optimize/nlopt/linux/CMakeFiles/CMakeTmp“ wird betreten
Building C object CMakeFiles/cmTC_b6806.dir/CheckIncludeFile.c.o
/usr/bin/cc     -o CMakeFiles/cmTC_b6806.dir/CheckIncludeFile.c.o   -c /home/spr/Dokumente/simulator/simulatoren_extern/optimize/nlopt/linux/CMakeFiles/CMakeTmp/CheckIncludeFile.c
Linking C executable cmTC_b6806
/usr/bin/cmake -E cmake_link_script CMakeFiles/cmTC_b6806.dir/link.txt --verbose=1
/usr/bin/cc       CMakeFiles/cmTC_b6806.dir/CheckIncludeFile.c.o  -o cmTC_b6806 -rdynamic 
make[1]: Verzeichnis „/home/spr/Dokumente/simulator/simulatoren_extern/optimize/nlopt/linux/CMakeFiles/CMakeTmp“ wird verlassen


Determining if the include file unistd.h exists passed with the following output:
Change Dir: /home/spr/Dokumente/simulator/simulatoren_extern/optimize/nlopt/linux/CMakeFiles/CMakeTmp

Run Build Command:"/usr/bin/make" "cmTC_d45f8/fast"
/usr/bin/make -f CMakeFiles/cmTC_d45f8.dir/build.make CMakeFiles/cmTC_d45f8.dir/build
make[1]: Verzeichnis „/home/spr/Dokumente/simulator/simulatoren_extern/optimize/nlopt/linux/CMakeFiles/CMakeTmp“ wird betreten
Building C object CMakeFiles/cmTC_d45f8.dir/CheckIncludeFile.c.o
/usr/bin/cc     -o CMakeFiles/cmTC_d45f8.dir/CheckIncludeFile.c.o   -c /home/spr/Dokumente/simulator/simulatoren_extern/optimize/nlopt/linux/CMakeFiles/CMakeTmp/CheckIncludeFile.c
Linking C executable cmTC_d45f8
/usr/bin/cmake -E cmake_link_script CMakeFiles/cmTC_d45f8.dir/link.txt --verbose=1
/usr/bin/cc       CMakeFiles/cmTC_d45f8.dir/CheckIncludeFile.c.o  -o cmTC_d45f8 -rdynamic 
make[1]: Verzeichnis „/home/spr/Dokumente/simulator/simulatoren_extern/optimize/nlopt/linux/CMakeFiles/CMakeTmp“ wird verlassen


Determining if the include file string.h exists passed with the following output:
Change Dir: /home/spr/Dokumente/simulator/simulatoren_extern/optimize/nlopt/linux/CMakeFiles/CMakeTmp

Run Build Command:"/usr/bin/make" "cmTC_fdca5/fast"
/usr/bin/make -f CMakeFiles/cmTC_fdca5.dir/build.make CMakeFiles/cmTC_fdca5.dir/build
make[1]: Verzeichnis „/home/spr/Dokumente/simulator/simulatoren_extern/optimize/nlopt/linux/CMakeFiles/CMakeTmp“ wird betreten
Building C object CMakeFiles/cmTC_fdca5.dir/CheckIncludeFile.c.o
/usr/bin/cc     -o CMakeFiles/cmTC_fdca5.dir/CheckIncludeFile.c.o   -c /home/spr/Dokumente/simulator/simulatoren_extern/optimize/nlopt/linux/CMakeFiles/CMakeTmp/CheckIncludeFile.c
Linking C executable cmTC_fdca5
/usr/bin/cmake -E cmake_link_script CMakeFiles/cmTC_fdca5.dir/link.txt --verbose=1
/usr/bin/cc       CMakeFiles/cmTC_fdca5.dir/CheckIncludeFile.c.o  -o cmTC_fdca5 -rdynamic 
make[1]: Verzeichnis „/home/spr/Dokumente/simulator/simulatoren_extern/optimize/nlopt/linux/CMakeFiles/CMakeTmp“ wird verlassen


Determining if the include file strings.h exists passed with the following output:
Change Dir: /home/spr/Dokumente/simulator/simulatoren_extern/optimize/nlopt/linux/CMakeFiles/CMakeTmp

Run Build Command:"/usr/bin/make" "cmTC_75f4e/fast"
/usr/bin/make -f CMakeFiles/cmTC_75f4e.dir/build.make CMakeFiles/cmTC_75f4e.dir/build
make[1]: Verzeichnis „/home/spr/Dokumente/simulator/simulatoren_extern/optimize/nlopt/linux/CMakeFiles/CMakeTmp“ wird betreten
Building C object CMakeFiles/cmTC_75f4e.dir/CheckIncludeFile.c.o
/usr/bin/cc     -o CMakeFiles/cmTC_75f4e.dir/CheckIncludeFile.c.o   -c /home/spr/Dokumente/simulator/simulatoren_extern/optimize/nlopt/linux/CMakeFiles/CMakeTmp/CheckIncludeFile.c
Linking C executable cmTC_75f4e
/usr/bin/cmake -E cmake_link_script CMakeFiles/cmTC_75f4e.dir/link.txt --verbose=1
/usr/bin/cc       CMakeFiles/cmTC_75f4e.dir/CheckIncludeFile.c.o  -o cmTC_75f4e -rdynamic 
make[1]: Verzeichnis „/home/spr/Dokumente/simulator/simulatoren_extern/optimize/nlopt/linux/CMakeFiles/CMakeTmp“ wird verlassen


Determining if the include file inttypes.h exists passed with the following output:
Change Dir: /home/spr/Dokumente/simulator/simulatoren_extern/optimize/nlopt/linux/CMakeFiles/CMakeTmp

Run Build Command:"/usr/bin/make" "cmTC_73c6b/fast"
/usr/bin/make -f CMakeFiles/cmTC_73c6b.dir/build.make CMakeFiles/cmTC_73c6b.dir/build
make[1]: Verzeichnis „/home/spr/Dokumente/simulator/simulatoren_extern/optimize/nlopt/linux/CMakeFiles/CMakeTmp“ wird betreten
Building C object CMakeFiles/cmTC_73c6b.dir/CheckIncludeFile.c.o
/usr/bin/cc     -o CMakeFiles/cmTC_73c6b.dir/CheckIncludeFile.c.o   -c /home/spr/Dokumente/simulator/simulatoren_extern/optimize/nlopt/linux/CMakeFiles/CMakeTmp/CheckIncludeFile.c
Linking C executable cmTC_73c6b
/usr/bin/cmake -E cmake_link_script CMakeFiles/cmTC_73c6b.dir/link.txt --verbose=1
/usr/bin/cc       CMakeFiles/cmTC_73c6b.dir/CheckIncludeFile.c.o  -o cmTC_73c6b -rdynamic 
make[1]: Verzeichnis „/home/spr/Dokumente/simulator/simulatoren_extern/optimize/nlopt/linux/CMakeFiles/CMakeTmp“ wird verlassen


Determining if the include file memory.h exists passed with the following output:
Change Dir: /home/spr/Dokumente/simulator/simulatoren_extern/optimize/nlopt/linux/CMakeFiles/CMakeTmp

Run Build Command:"/usr/bin/make" "cmTC_2075e/fast"
/usr/bin/make -f CMakeFiles/cmTC_2075e.dir/build.make CMakeFiles/cmTC_2075e.dir/build
make[1]: Verzeichnis „/home/spr/Dokumente/simulator/simulatoren_extern/optimize/nlopt/linux/CMakeFiles/CMakeTmp“ wird betreten
Building C object CMakeFiles/cmTC_2075e.dir/CheckIncludeFile.c.o
/usr/bin/cc     -o CMakeFiles/cmTC_2075e.dir/CheckIncludeFile.c.o   -c /home/spr/Dokumente/simulator/simulatoren_extern/optimize/nlopt/linux/CMakeFiles/CMakeTmp/CheckIncludeFile.c
Linking C executable cmTC_2075e
/usr/bin/cmake -E cmake_link_script CMakeFiles/cmTC_2075e.dir/link.txt --verbose=1
/usr/bin/cc       CMakeFiles/cmTC_2075e.dir/CheckIncludeFile.c.o  -o cmTC_2075e -rdynamic 
make[1]: Verzeichnis „/home/spr/Dokumente/simulator/simulatoren_extern/optimize/nlopt/linux/CMakeFiles/CMakeTmp“ wird verlassen


Determining if the include file stdlib.h exists passed with the following output:
Change Dir: /home/spr/Dokumente/simulator/simulatoren_extern/optimize/nlopt/linux/CMakeFiles/CMakeTmp

Run Build Command:"/usr/bin/make" "cmTC_09e7d/fast"
/usr/bin/make -f CMakeFiles/cmTC_09e7d.dir/build.make CMakeFiles/cmTC_09e7d.dir/build
make[1]: Verzeichnis „/home/spr/Dokumente/simulator/simulatoren_extern/optimize/nlopt/linux/CMakeFiles/CMakeTmp“ wird betreten
Building C object CMakeFiles/cmTC_09e7d.dir/CheckIncludeFile.c.o
/usr/bin/cc     -o CMakeFiles/cmTC_09e7d.dir/CheckIncludeFile.c.o   -c /home/spr/Dokumente/simulator/simulatoren_extern/optimize/nlopt/linux/CMakeFiles/CMakeTmp/CheckIncludeFile.c
Linking C executable cmTC_09e7d
/usr/bin/cmake -E cmake_link_script CMakeFiles/cmTC_09e7d.dir/link.txt --verbose=1
/usr/bin/cc       CMakeFiles/cmTC_09e7d.dir/CheckIncludeFile.c.o  -o cmTC_09e7d -rdynamic 
make[1]: Verzeichnis „/home/spr/Dokumente/simulator/simulatoren_extern/optimize/nlopt/linux/CMakeFiles/CMakeTmp“ wird verlassen


Determining if the include file stdint.h exists passed with the following output:
Change Dir: /home/spr/Dokumente/simulator/simulatoren_extern/optimize/nlopt/linux/CMakeFiles/CMakeTmp

Run Build Command:"/usr/bin/make" "cmTC_d0595/fast"
/usr/bin/make -f CMakeFiles/cmTC_d0595.dir/build.make CMakeFiles/cmTC_d0595.dir/build
make[1]: Verzeichnis „/home/spr/Dokumente/simulator/simulatoren_extern/optimize/nlopt/linux/CMakeFiles/CMakeTmp“ wird betreten
Building C object CMakeFiles/cmTC_d0595.dir/CheckIncludeFile.c.o
/usr/bin/cc     -o CMakeFiles/cmTC_d0595.dir/CheckIncludeFile.c.o   -c /home/spr/Dokumente/simulator/simulatoren_extern/optimize/nlopt/linux/CMakeFiles/CMakeTmp/CheckIncludeFile.c
Linking C executable cmTC_d0595
/usr/bin/cmake -E cmake_link_script CMakeFiles/cmTC_d0595.dir/link.txt --verbose=1
/usr/bin/cc       CMakeFiles/cmTC_d0595.dir/CheckIncludeFile.c.o  -o cmTC_d0595 -rdynamic 
make[1]: Verzeichnis „/home/spr/Dokumente/simulator/simulatoren_extern/optimize/nlopt/linux/CMakeFiles/CMakeTmp“ wird verlassen


Determining if the include file time.h exists passed with the following output:
Change Dir: /home/spr/Dokumente/simulator/simulatoren_extern/optimize/nlopt/linux/CMakeFiles/CMakeTmp

Run Build Command:"/usr/bin/make" "cmTC_ef6c7/fast"
/usr/bin/make -f CMakeFiles/cmTC_ef6c7.dir/build.make CMakeFiles/cmTC_ef6c7.dir/build
make[1]: Verzeichnis „/home/spr/Dokumente/simulator/simulatoren_extern/optimize/nlopt/linux/CMakeFiles/CMakeTmp“ wird betreten
Building C object CMakeFiles/cmTC_ef6c7.dir/CheckIncludeFile.c.o
/usr/bin/cc     -o CMakeFiles/cmTC_ef6c7.dir/CheckIncludeFile.c.o   -c /home/spr/Dokumente/simulator/simulatoren_extern/optimize/nlopt/linux/CMakeFiles/CMakeTmp/CheckIncludeFile.c
Linking C executable cmTC_ef6c7
/usr/bin/cmake -E cmake_link_script CMakeFiles/cmTC_ef6c7.dir/link.txt --verbose=1
/usr/bin/cc       CMakeFiles/cmTC_ef6c7.dir/CheckIncludeFile.c.o  -o cmTC_ef6c7 -rdynamic 
make[1]: Verzeichnis „/home/spr/Dokumente/simulator/simulatoren_extern/optimize/nlopt/linux/CMakeFiles/CMakeTmp“ wird verlassen


Determining if the include file sys/types.h exists passed with the following output:
Change Dir: /home/spr/Dokumente/simulator/simulatoren_extern/optimize/nlopt/linux/CMakeFiles/CMakeTmp

Run Build Command:"/usr/bin/make" "cmTC_a1fcb/fast"
/usr/bin/make -f CMakeFiles/cmTC_a1fcb.dir/build.make CMakeFiles/cmTC_a1fcb.dir/build
make[1]: Verzeichnis „/home/spr/Dokumente/simulator/simulatoren_extern/optimize/nlopt/linux/CMakeFiles/CMakeTmp“ wird betreten
Building C object CMakeFiles/cmTC_a1fcb.dir/CheckIncludeFile.c.o
/usr/bin/cc     -o CMakeFiles/cmTC_a1fcb.dir/CheckIncludeFile.c.o   -c /home/spr/Dokumente/simulator/simulatoren_extern/optimize/nlopt/linux/CMakeFiles/CMakeTmp/CheckIncludeFile.c
Linking C executable cmTC_a1fcb
/usr/bin/cmake -E cmake_link_script CMakeFiles/cmTC_a1fcb.dir/link.txt --verbose=1
/usr/bin/cc       CMakeFiles/cmTC_a1fcb.dir/CheckIncludeFile.c.o  -o cmTC_a1fcb -rdynamic 
make[1]: Verzeichnis „/home/spr/Dokumente/simulator/simulatoren_extern/optimize/nlopt/linux/CMakeFiles/CMakeTmp“ wird verlassen


Determining if the include file sys/stat.h exists passed with the following output:
Change Dir: /home/spr/Dokumente/simulator/simulatoren_extern/optimize/nlopt/linux/CMakeFiles/CMakeTmp

Run Build Command:"/usr/bin/make" "cmTC_67213/fast"
/usr/bin/make -f CMakeFiles/cmTC_67213.dir/build.make CMakeFiles/cmTC_67213.dir/build
make[1]: Verzeichnis „/home/spr/Dokumente/simulator/simulatoren_extern/optimize/nlopt/linux/CMakeFiles/CMakeTmp“ wird betreten
Building C object CMakeFiles/cmTC_67213.dir/CheckIncludeFile.c.o
/usr/bin/cc     -o CMakeFiles/cmTC_67213.dir/CheckIncludeFile.c.o   -c /home/spr/Dokumente/simulator/simulatoren_extern/optimize/nlopt/linux/CMakeFiles/CMakeTmp/CheckIncludeFile.c
Linking C executable cmTC_67213
/usr/bin/cmake -E cmake_link_script CMakeFiles/cmTC_67213.dir/link.txt --verbose=1
/usr/bin/cc       CMakeFiles/cmTC_67213.dir/CheckIncludeFile.c.o  -o cmTC_67213 -rdynamic 
make[1]: Verzeichnis „/home/spr/Dokumente/simulator/simulatoren_extern/optimize/nlopt/linux/CMakeFiles/CMakeTmp“ wird verlassen


Determining if the include file sys/time.h exists passed with the following output:
Change Dir: /home/spr/Dokumente/simulator/simulatoren_extern/optimize/nlopt/linux/CMakeFiles/CMakeTmp

Run Build Command:"/usr/bin/make" "cmTC_b6585/fast"
/usr/bin/make -f CMakeFiles/cmTC_b6585.dir/build.make CMakeFiles/cmTC_b6585.dir/build
make[1]: Verzeichnis „/home/spr/Dokumente/simulator/simulatoren_extern/optimize/nlopt/linux/CMakeFiles/CMakeTmp“ wird betreten
Building C object CMakeFiles/cmTC_b6585.dir/CheckIncludeFile.c.o
/usr/bin/cc     -o CMakeFiles/cmTC_b6585.dir/CheckIncludeFile.c.o   -c /home/spr/Dokumente/simulator/simulatoren_extern/optimize/nlopt/linux/CMakeFiles/CMakeTmp/CheckIncludeFile.c
Linking C executable cmTC_b6585
/usr/bin/cmake -E cmake_link_script CMakeFiles/cmTC_b6585.dir/link.txt --verbose=1
/usr/bin/cc       CMakeFiles/cmTC_b6585.dir/CheckIncludeFile.c.o  -o cmTC_b6585 -rdynamic 
make[1]: Verzeichnis „/home/spr/Dokumente/simulator/simulatoren_extern/optimize/nlopt/linux/CMakeFiles/CMakeTmp“ wird verlassen


Determining if the function getpid exists passed with the following output:
Change Dir: /home/spr/Dokumente/simulator/simulatoren_extern/optimize/nlopt/linux/CMakeFiles/CMakeTmp

Run Build Command:"/usr/bin/make" "cmTC_42041/fast"
/usr/bin/make -f CMakeFiles/cmTC_42041.dir/build.make CMakeFiles/cmTC_42041.dir/build
make[1]: Verzeichnis „/home/spr/Dokumente/simulator/simulatoren_extern/optimize/nlopt/linux/CMakeFiles/CMakeTmp“ wird betreten
Building C object CMakeFiles/cmTC_42041.dir/CheckFunctionExists.c.o
/usr/bin/cc    -DCHECK_FUNCTION_EXISTS=getpid   -o CMakeFiles/cmTC_42041.dir/CheckFunctionExists.c.o   -c /usr/share/cmake-3.5/Modules/CheckFunctionExists.c
Linking C executable cmTC_42041
/usr/bin/cmake -E cmake_link_script CMakeFiles/cmTC_42041.dir/link.txt --verbose=1
/usr/bin/cc   -DCHECK_FUNCTION_EXISTS=getpid    CMakeFiles/cmTC_42041.dir/CheckFunctionExists.c.o  -o cmTC_42041 -rdynamic 
make[1]: Verzeichnis „/home/spr/Dokumente/simulator/simulatoren_extern/optimize/nlopt/linux/CMakeFiles/CMakeTmp“ wird verlassen


Determining if the function syscall exists passed with the following output:
Change Dir: /home/spr/Dokumente/simulator/simulatoren_extern/optimize/nlopt/linux/CMakeFiles/CMakeTmp

Run Build Command:"/usr/bin/make" "cmTC_70a77/fast"
/usr/bin/make -f CMakeFiles/cmTC_70a77.dir/build.make CMakeFiles/cmTC_70a77.dir/build
make[1]: Verzeichnis „/home/spr/Dokumente/simulator/simulatoren_extern/optimize/nlopt/linux/CMakeFiles/CMakeTmp“ wird betreten
Building C object CMakeFiles/cmTC_70a77.dir/CheckFunctionExists.c.o
/usr/bin/cc    -DCHECK_FUNCTION_EXISTS=syscall   -o CMakeFiles/cmTC_70a77.dir/CheckFunctionExists.c.o   -c /usr/share/cmake-3.5/Modules/CheckFunctionExists.c
Linking C executable cmTC_70a77
/usr/bin/cmake -E cmake_link_script CMakeFiles/cmTC_70a77.dir/link.txt --verbose=1
/usr/bin/cc   -DCHECK_FUNCTION_EXISTS=syscall    CMakeFiles/cmTC_70a77.dir/CheckFunctionExists.c.o  -o cmTC_70a77 -rdynamic 
make[1]: Verzeichnis „/home/spr/Dokumente/simulator/simulatoren_extern/optimize/nlopt/linux/CMakeFiles/CMakeTmp“ wird verlassen


Determining if the function isinf exists passed with the following output:
Change Dir: /home/spr/Dokumente/simulator/simulatoren_extern/optimize/nlopt/linux/CMakeFiles/CMakeTmp

Run Build Command:"/usr/bin/make" "cmTC_950f8/fast"
/usr/bin/make -f CMakeFiles/cmTC_950f8.dir/build.make CMakeFiles/cmTC_950f8.dir/build
make[1]: Verzeichnis „/home/spr/Dokumente/simulator/simulatoren_extern/optimize/nlopt/linux/CMakeFiles/CMakeTmp“ wird betreten
Building C object CMakeFiles/cmTC_950f8.dir/CheckFunctionExists.c.o
/usr/bin/cc    -DCHECK_FUNCTION_EXISTS=isinf   -o CMakeFiles/cmTC_950f8.dir/CheckFunctionExists.c.o   -c /usr/share/cmake-3.5/Modules/CheckFunctionExists.c
<command-line>:0:23: warning: conflicting types for built-in function ‘isinf’
/usr/share/cmake-3.5/Modules/CheckFunctionExists.c:6:6: note: in expansion of macro ‘CHECK_FUNCTION_EXISTS’
 char CHECK_FUNCTION_EXISTS();
      ^
Linking C executable cmTC_950f8
/usr/bin/cmake -E cmake_link_script CMakeFiles/cmTC_950f8.dir/link.txt --verbose=1
/usr/bin/cc   -DCHECK_FUNCTION_EXISTS=isinf    CMakeFiles/cmTC_950f8.dir/CheckFunctionExists.c.o  -o cmTC_950f8 -rdynamic 
make[1]: Verzeichnis „/home/spr/Dokumente/simulator/simulatoren_extern/optimize/nlopt/linux/CMakeFiles/CMakeTmp“ wird verlassen


Determining if the function isnan exists passed with the following output:
Change Dir: /home/spr/Dokumente/simulator/simulatoren_extern/optimize/nlopt/linux/CMakeFiles/CMakeTmp

Run Build Command:"/usr/bin/make" "cmTC_03196/fast"
/usr/bin/make -f CMakeFiles/cmTC_03196.dir/build.make CMakeFiles/cmTC_03196.dir/build
make[1]: Verzeichnis „/home/spr/Dokumente/simulator/simulatoren_extern/optimize/nlopt/linux/CMakeFiles/CMakeTmp“ wird betreten
Building C object CMakeFiles/cmTC_03196.dir/CheckFunctionExists.c.o
/usr/bin/cc    -DCHECK_FUNCTION_EXISTS=isnan   -o CMakeFiles/cmTC_03196.dir/CheckFunctionExists.c.o   -c /usr/share/cmake-3.5/Modules/CheckFunctionExists.c
<command-line>:0:23: warning: conflicting types for built-in function ‘isnan’
/usr/share/cmake-3.5/Modules/CheckFunctionExists.c:6:6: note: in expansion of macro ‘CHECK_FUNCTION_EXISTS’
 char CHECK_FUNCTION_EXISTS();
      ^
Linking C executable cmTC_03196
/usr/bin/cmake -E cmake_link_script CMakeFiles/cmTC_03196.dir/link.txt --verbose=1
/usr/bin/cc   -DCHECK_FUNCTION_EXISTS=isnan    CMakeFiles/cmTC_03196.dir/CheckFunctionExists.c.o  -o cmTC_03196 -rdynamic 
make[1]: Verzeichnis „/home/spr/Dokumente/simulator/simulatoren_extern/optimize/nlopt/linux/CMakeFiles/CMakeTmp“ wird verlassen


Determining if the function gettimeofday exists passed with the following output:
Change Dir: /home/spr/Dokumente/simulator/simulatoren_extern/optimize/nlopt/linux/CMakeFiles/CMakeTmp

Run Build Command:"/usr/bin/make" "cmTC_2bed4/fast"
/usr/bin/make -f CMakeFiles/cmTC_2bed4.dir/build.make CMakeFiles/cmTC_2bed4.dir/build
make[1]: Verzeichnis „/home/spr/Dokumente/simulator/simulatoren_extern/optimize/nlopt/linux/CMakeFiles/CMakeTmp“ wird betreten
Building C object CMakeFiles/cmTC_2bed4.dir/CheckFunctionExists.c.o
/usr/bin/cc    -DCHECK_FUNCTION_EXISTS=gettimeofday   -o CMakeFiles/cmTC_2bed4.dir/CheckFunctionExists.c.o   -c /usr/share/cmake-3.5/Modules/CheckFunctionExists.c
Linking C executable cmTC_2bed4
/usr/bin/cmake -E cmake_link_script CMakeFiles/cmTC_2bed4.dir/link.txt --verbose=1
/usr/bin/cc   -DCHECK_FUNCTION_EXISTS=gettimeofday    CMakeFiles/cmTC_2bed4.dir/CheckFunctionExists.c.o  -o cmTC_2bed4 -rdynamic 
make[1]: Verzeichnis „/home/spr/Dokumente/simulator/simulatoren_extern/optimize/nlopt/linux/CMakeFiles/CMakeTmp“ wird verlassen


Determining if the function qsort_r exists passed with the following output:
Change Dir: /home/spr/Dokumente/simulator/simulatoren_extern/optimize/nlopt/linux/CMakeFiles/CMakeTmp

Run Build Command:"/usr/bin/make" "cmTC_56486/fast"
/usr/bin/make -f CMakeFiles/cmTC_56486.dir/build.make CMakeFiles/cmTC_56486.dir/build
make[1]: Verzeichnis „/home/spr/Dokumente/simulator/simulatoren_extern/optimize/nlopt/linux/CMakeFiles/CMakeTmp“ wird betreten
Building C object CMakeFiles/cmTC_56486.dir/CheckFunctionExists.c.o
/usr/bin/cc    -DCHECK_FUNCTION_EXISTS=qsort_r   -o CMakeFiles/cmTC_56486.dir/CheckFunctionExists.c.o   -c /usr/share/cmake-3.5/Modules/CheckFunctionExists.c
Linking C executable cmTC_56486
/usr/bin/cmake -E cmake_link_script CMakeFiles/cmTC_56486.dir/link.txt --verbose=1
/usr/bin/cc   -DCHECK_FUNCTION_EXISTS=qsort_r    CMakeFiles/cmTC_56486.dir/CheckFunctionExists.c.o  -o cmTC_56486 -rdynamic 
make[1]: Verzeichnis „/home/spr/Dokumente/simulator/simulatoren_extern/optimize/nlopt/linux/CMakeFiles/CMakeTmp“ wird verlassen


Determining if the function time exists passed with the following output:
Change Dir: /home/spr/Dokumente/simulator/simulatoren_extern/optimize/nlopt/linux/CMakeFiles/CMakeTmp

Run Build Command:"/usr/bin/make" "cmTC_e2f7d/fast"
/usr/bin/make -f CMakeFiles/cmTC_e2f7d.dir/build.make CMakeFiles/cmTC_e2f7d.dir/build
make[1]: Verzeichnis „/home/spr/Dokumente/simulator/simulatoren_extern/optimize/nlopt/linux/CMakeFiles/CMakeTmp“ wird betreten
Building C object CMakeFiles/cmTC_e2f7d.dir/CheckFunctionExists.c.o
/usr/bin/cc    -DCHECK_FUNCTION_EXISTS=time   -o CMakeFiles/cmTC_e2f7d.dir/CheckFunctionExists.c.o   -c /usr/share/cmake-3.5/Modules/CheckFunctionExists.c
Linking C executable cmTC_e2f7d
/usr/bin/cmake -E cmake_link_script CMakeFiles/cmTC_e2f7d.dir/link.txt --verbose=1
/usr/bin/cc   -DCHECK_FUNCTION_EXISTS=time    CMakeFiles/cmTC_e2f7d.dir/CheckFunctionExists.c.o  -o cmTC_e2f7d -rdynamic 
make[1]: Verzeichnis „/home/spr/Dokumente/simulator/simulatoren_extern/optimize/nlopt/linux/CMakeFiles/CMakeTmp“ wird verlassen


Determining if the function copysign exists passed with the following output:
Change Dir: /home/spr/Dokumente/simulator/simulatoren_extern/optimize/nlopt/linux/CMakeFiles/CMakeTmp

Run Build Command:"/usr/bin/make" "cmTC_ce4ea/fast"
/usr/bin/make -f CMakeFiles/cmTC_ce4ea.dir/build.make CMakeFiles/cmTC_ce4ea.dir/build
make[1]: Verzeichnis „/home/spr/Dokumente/simulator/simulatoren_extern/optimize/nlopt/linux/CMakeFiles/CMakeTmp“ wird betreten
Building C object CMakeFiles/cmTC_ce4ea.dir/CheckFunctionExists.c.o
/usr/bin/cc    -DCHECK_FUNCTION_EXISTS=copysign   -o CMakeFiles/cmTC_ce4ea.dir/CheckFunctionExists.c.o   -c /usr/share/cmake-3.5/Modules/CheckFunctionExists.c
<command-line>:0:23: warning: conflicting types for built-in function ‘copysign’
/usr/share/cmake-3.5/Modules/CheckFunctionExists.c:6:6: note: in expansion of macro ‘CHECK_FUNCTION_EXISTS’
 char CHECK_FUNCTION_EXISTS();
      ^
Linking C executable cmTC_ce4ea
/usr/bin/cmake -E cmake_link_script CMakeFiles/cmTC_ce4ea.dir/link.txt --verbose=1
/usr/bin/cc   -DCHECK_FUNCTION_EXISTS=copysign    CMakeFiles/cmTC_ce4ea.dir/CheckFunctionExists.c.o  -o cmTC_ce4ea -rdynamic 
make[1]: Verzeichnis „/home/spr/Dokumente/simulator/simulatoren_extern/optimize/nlopt/linux/CMakeFiles/CMakeTmp“ wird verlassen


Determining if the include file stddef.h exists passed with the following output:
Change Dir: /home/spr/Dokumente/simulator/simulatoren_extern/optimize/nlopt/linux/CMakeFiles/CMakeTmp

Run Build Command:"/usr/bin/make" "cmTC_aab8d/fast"
/usr/bin/make -f CMakeFiles/cmTC_aab8d.dir/build.make CMakeFiles/cmTC_aab8d.dir/build
make[1]: Verzeichnis „/home/spr/Dokumente/simulator/simulatoren_extern/optimize/nlopt/linux/CMakeFiles/CMakeTmp“ wird betreten
Building C object CMakeFiles/cmTC_aab8d.dir/CheckIncludeFile.c.o
/usr/bin/cc     -o CMakeFiles/cmTC_aab8d.dir/CheckIncludeFile.c.o   -c /home/spr/Dokumente/simulator/simulatoren_extern/optimize/nlopt/linux/CMakeFiles/CMakeTmp/CheckIncludeFile.c
Linking C executable cmTC_aab8d
/usr/bin/cmake -E cmake_link_script CMakeFiles/cmTC_aab8d.dir/link.txt --verbose=1
/usr/bin/cc       CMakeFiles/cmTC_aab8d.dir/CheckIncludeFile.c.o  -o cmTC_aab8d -rdynamic 
make[1]: Verzeichnis „/home/spr/Dokumente/simulator/simulatoren_extern/optimize/nlopt/linux/CMakeFiles/CMakeTmp“ wird verlassen


Determining size of uint32_t passed with the following output:
Change Dir: /home/spr/Dokumente/simulator/simulatoren_extern/optimize/nlopt/linux/CMakeFiles/CMakeTmp

Run Build Command:"/usr/bin/make" "cmTC_74959/fast"
/usr/bin/make -f CMakeFiles/cmTC_74959.dir/build.make CMakeFiles/cmTC_74959.dir/build
make[1]: Verzeichnis „/home/spr/Dokumente/simulator/simulatoren_extern/optimize/nlopt/linux/CMakeFiles/CMakeTmp“ wird betreten
Building C object CMakeFiles/cmTC_74959.dir/SIZEOF_UINT32_T.c.o
/usr/bin/cc     -o CMakeFiles/cmTC_74959.dir/SIZEOF_UINT32_T.c.o   -c /home/spr/Dokumente/simulator/simulatoren_extern/optimize/nlopt/linux/CMakeFiles/CheckTypeSize/SIZEOF_UINT32_T.c
Linking C executable cmTC_74959
/usr/bin/cmake -E cmake_link_script CMakeFiles/cmTC_74959.dir/link.txt --verbose=1
/usr/bin/cc       CMakeFiles/cmTC_74959.dir/SIZEOF_UINT32_T.c.o  -o cmTC_74959 -rdynamic 
make[1]: Verzeichnis „/home/spr/Dokumente/simulator/simulatoren_extern/optimize/nlopt/linux/CMakeFiles/CMakeTmp“ wird verlassen


Determining size of unsigned int passed with the following output:
Change Dir: /home/spr/Dokumente/simulator/simulatoren_extern/optimize/nlopt/linux/CMakeFiles/CMakeTmp

Run Build Command:"/usr/bin/make" "cmTC_89997/fast"
/usr/bin/make -f CMakeFiles/cmTC_89997.dir/build.make CMakeFiles/cmTC_89997.dir/build
make[1]: Verzeichnis „/home/spr/Dokumente/simulator/simulatoren_extern/optimize/nlopt/linux/CMakeFiles/CMakeTmp“ wird betreten
Building C object CMakeFiles/cmTC_89997.dir/SIZEOF_UNSIGNED_INT.c.o
/usr/bin/cc     -o CMakeFiles/cmTC_89997.dir/SIZEOF_UNSIGNED_INT.c.o   -c /home/spr/Dokumente/simulator/simulatoren_extern/optimize/nlopt/linux/CMakeFiles/CheckTypeSize/SIZEOF_UNSIGNED_INT.c
Linking C executable cmTC_89997
/usr/bin/cmake -E cmake_link_script CMakeFiles/cmTC_89997.dir/link.txt --verbose=1
/usr/bin/cc       CMakeFiles/cmTC_89997.dir/SIZEOF_UNSIGNED_INT.c.o  -o cmTC_89997 -rdynamic 
make[1]: Verzeichnis „/home/spr/Dokumente/simulator/simulatoren_extern/optimize/nlopt/linux/CMakeFiles/CMakeTmp“ wird verlassen


Determining size of unsigned long passed with the following output:
Change Dir: /home/spr/Dokumente/simulator/simulatoren_extern/optimize/nlopt/linux/CMakeFiles/CMakeTmp

Run Build Command:"/usr/bin/make" "cmTC_914a8/fast"
/usr/bin/make -f CMakeFiles/cmTC_914a8.dir/build.make CMakeFiles/cmTC_914a8.dir/build
make[1]: Verzeichnis „/home/spr/Dokumente/simulator/simulatoren_extern/optimize/nlopt/linux/CMakeFiles/CMakeTmp“ wird betreten
Building C object CMakeFiles/cmTC_914a8.dir/SIZEOF_UNSIGNED_LONG.c.o
/usr/bin/cc     -o CMakeFiles/cmTC_914a8.dir/SIZEOF_UNSIGNED_LONG.c.o   -c /home/spr/Dokumente/simulator/simulatoren_extern/optimize/nlopt/linux/CMakeFiles/CheckTypeSize/SIZEOF_UNSIGNED_LONG.c
Linking C executable cmTC_914a8
/usr/bin/cmake -E cmake_link_script CMakeFiles/cmTC_914a8.dir/link.txt --verbose=1
/usr/bin/cc       CMakeFiles/cmTC_914a8.dir/SIZEOF_UNSIGNED_LONG.c.o  -o cmTC_914a8 -rdynamic 
make[1]: Verzeichnis „/home/spr/Dokumente/simulator/simulatoren_extern/optimize/nlopt/linux/CMakeFiles/CMakeTmp“ wird verlassen


Determining if the function sqrt exists in the m passed with the following output:
Change Dir: /home/spr/Dokumente/simulator/simulatoren_extern/optimize/nlopt/linux/CMakeFiles/CMakeTmp

Run Build Command:"/usr/bin/make" "cmTC_4e087/fast"
/usr/bin/make -f CMakeFiles/cmTC_4e087.dir/build.make CMakeFiles/cmTC_4e087.dir/build
make[1]: Verzeichnis „/home/spr/Dokumente/simulator/simulatoren_extern/optimize/nlopt/linux/CMakeFiles/CMakeTmp“ wird betreten
Building C object CMakeFiles/cmTC_4e087.dir/CheckFunctionExists.c.o
/usr/bin/cc    -DCHECK_FUNCTION_EXISTS=sqrt   -o CMakeFiles/cmTC_4e087.dir/CheckFunctionExists.c.o   -c /usr/share/cmake-3.5/Modules/CheckFunctionExists.c
<command-line>:0:23: warning: conflicting types for built-in function ‘sqrt’
/usr/share/cmake-3.5/Modules/CheckFunctionExists.c:6:6: note: in expansion of macro ‘CHECK_FUNCTION_EXISTS’
 char CHECK_FUNCTION_EXISTS();
      ^
Linking C executable cmTC_4e087
/usr/bin/cmake -E cmake_link_script CMakeFiles/cmTC_4e087.dir/link.txt --verbose=1
/usr/bin/cc   -DCHECK_FUNCTION_EXISTS=sqrt    CMakeFiles/cmTC_4e087.dir/CheckFunctionExists.c.o  -o cmTC_4e087 -rdynamic -lm 
make[1]: Verzeichnis „/home/spr/Dokumente/simulator/simulatoren_extern/optimize/nlopt/linux/CMakeFiles/CMakeTmp“ wird verlassen


Performing C SOURCE FILE Test HAVE_THREAD_LOCAL_STORAGE succeeded with the following output:
Change Dir: /home/spr/Dokumente/simulator/simulatoren_extern/optimize/nlopt/linux/CMakeFiles/CMakeTmp

Run Build Command:"/usr/bin/make" "cmTC_2d4ce/fast"
/usr/bin/make -f CMakeFiles/cmTC_2d4ce.dir/build.make CMakeFiles/cmTC_2d4ce.dir/build
make[1]: Verzeichnis „/home/spr/Dokumente/simulator/simulatoren_extern/optimize/nlopt/linux/CMakeFiles/CMakeTmp“ wird betreten
Building C object CMakeFiles/cmTC_2d4ce.dir/src.c.o
/usr/bin/cc    -DHAVE_THREAD_LOCAL_STORAGE   -o CMakeFiles/cmTC_2d4ce.dir/src.c.o   -c /home/spr/Dokumente/simulator/simulatoren_extern/optimize/nlopt/linux/CMakeFiles/CMakeTmp/src.c
Linking C executable cmTC_2d4ce
/usr/bin/cmake -E cmake_link_script CMakeFiles/cmTC_2d4ce.dir/link.txt --verbose=1
/usr/bin/cc   -DHAVE_THREAD_LOCAL_STORAGE    CMakeFiles/cmTC_2d4ce.dir/src.c.o  -o cmTC_2d4ce -rdynamic 
make[1]: Verzeichnis „/home/spr/Dokumente/simulator/simulatoren_extern/optimize/nlopt/linux/CMakeFiles/CMakeTmp“ wird verlassen

Source file was:

    __thread int tls;

    int main(void) {
        return 0;
    }
